<?xml version="1.0" encoding="UTF-8"?>
<!-- Generated by org.testng.reporters.JUnitXMLReporter -->
<testsuite ignored="0" hostname="Lenovo" failures="0" tests="2" name="Default test" time="27.325" errors="0" timestamp="2021-12-19T09:26:54 IST">
  <testcase classname="Framework_Scratch.Frameworks_E2EProject.HomePageTest" name="basePageNavigation" time="15.645"/>
  <testcase classname="Framework_Scratch.Frameworks_E2EProject.HomePageTest" name="basePageNavigation" time="11.546"/>
</testsuite> <!-- Default test -->
