<?xml version="1.0" encoding="UTF-8"?>
<!-- Generated by org.testng.reporters.JUnitXMLReporter -->
<testsuite ignored="0" hostname="Lenovo" failures="0" tests="2" name="Validating User Login" time="26.469" errors="0" timestamp="2021-12-27T14:11:41 IST">
  <testcase classname="Framework_Scratch.Frameworks_E2EProject.HomePageTest" name="basePageNavigation" time="14.959"/>
  <testcase classname="Framework_Scratch.Frameworks_E2EProject.HomePageTest" name="basePageNavigation" time="6.514"/>
</testsuite> <!-- Validating User Login -->
