<?xml version="1.0" encoding="UTF-8"?>
<!-- Generated by org.testng.reporters.JUnitXMLReporter -->
<testsuite ignored="0" hostname="Lenovo" failures="0" tests="2" name="Validating Title in the page" time="22.644" errors="0" timestamp="2021-12-27T14:11:02 IST">
  <testcase classname="Framework_Scratch.Frameworks_E2EProject.ValidateTitle" name="validateAppTitle" time="0.374"/>
  <testcase classname="Framework_Scratch.Frameworks_E2EProject.ValidateTitle" name="validateHeader" time="0.089"/>
</testsuite> <!-- Validating Title in the page -->
