<?xml version="1.0" encoding="UTF-8"?>
<testng-results ignored="0" total="1" passed="1" failed="0" skipped="0">
  <reporter-output>
  </reporter-output>
  <suite started-at="2021-12-27T13:43:58 IST" name="Suite" finished-at="2021-12-27T13:45:02 IST" duration-ms="64076">
    <groups>
    </groups>
    <test started-at="2021-12-27T13:43:58 IST" name="App Testing" finished-at="2021-12-27T13:43:58 IST" duration-ms="109">
    </test> <!-- App Testing -->
    <test started-at="2021-12-27T13:43:58 IST" name="Validating Navigation Bar in home page" finished-at="2021-12-27T13:45:02 IST" duration-ms="64076">
      <class name="Framework_Scratch.Frameworks_E2EProject.ValidateNavigationBar">
        <test-method is-config="true" signature="initialize()[pri:0, instance:Framework_Scratch.Frameworks_E2EProject.ValidateNavigationBar@25243bc1]" started-at="2021-12-27T13:43:58 IST" name="initialize" finished-at="2021-12-27T13:44:58 IST" duration-ms="59778" status="PASS">
          <reporter-output>
          </reporter-output>
        </test-method> <!-- initialize -->
        <test-method signature="validateAppNavBar()[pri:0, instance:Framework_Scratch.Frameworks_E2EProject.ValidateNavigationBar@25243bc1]" started-at="2021-12-27T13:44:58 IST" name="validateAppNavBar" finished-at="2021-12-27T13:45:01 IST" duration-ms="2626" status="PASS">
          <reporter-output>
          </reporter-output>
        </test-method> <!-- validateAppNavBar -->
        <test-method is-config="true" signature="tearDown()[pri:0, instance:Framework_Scratch.Frameworks_E2EProject.ValidateNavigationBar@25243bc1]" started-at="2021-12-27T13:45:01 IST" name="tearDown" finished-at="2021-12-27T13:45:02 IST" duration-ms="1614" status="PASS">
          <reporter-output>
          </reporter-output>
        </test-method> <!-- tearDown -->
      </class> <!-- Framework_Scratch.Frameworks_E2EProject.ValidateNavigationBar -->
    </test> <!-- Validating Navigation Bar in home page -->
  </suite> <!-- Suite -->
</testng-results>
